Starting comparison of `NaiveDifferential` and  `BloomDifferential`...
Initializing databases...
Counting the total number of keys...
Randomly selecting 1263 query keys...
A random example query key: arrow_NOUN does_VERB not_ADV appear_VERB

NaiveDifferential Duration (ms),BloomDifferential Duration (ms),InDiffFile?,InFilter?
1403,2,false,false
1358,14,false,false
1351,18,false,false
1427,32,false,false
1365,33,false,false
1366,37,false,false
1385,46,false,false
1398,45,false,false
1386,52,false,false
1367,52,false,false
1397,68,false,false
1423,72,false,false
7,8,true,true
1414,77,false,false
1432,80,false,false
1416,82,false,false
1418,102,false,false
1465,124,false,false
1465,121,false,false
1468,127,false,false
1508,155,false,false
1495,164,false,false
1516,168,false,false
1481,162,false,false
1476,170,false,false
1538,177,false,false
1531,170,false,false
1594,179,false,false
1865,202,false,false
1840,249,false,false
1804,244,false,false
26,26,true,true
1586,251,false,false
1586,256,false,false
1608,256,false,false
1597,257,false,false
1594,265,false,false
1603,266,false,false
1623,275,false,false
1625,279,false,false
1667,300,false,false
1639,308,false,false
1663,318,false,false
1681,323,false,false
1710,332,false,false
1681,344,false,false
1676,347,false,false
1753,402,false,false
1731,416,false,false
48,43,true,true
1752,444,false,false
1801,429,false,false
1790,440,false,false
1754,444,false,false
1807,456,false,false
1808,458,false,false
1842,481,false,false
1805,477,false,false
1850,481,false,false
1864,494,false,false
1818,486,false,false
1897,527,false,false
1864,544,false,false
1888,548,false,false
1890,554,false,false
1895,545,false,false
58,60,true,true
1922,567,false,false
1948,558,false,false
62,61,true,true
1930,604,false,false
1928,610,false,false
1953,620,false,false
1946,614,false,false
1954,613,false,false
63,64,true,true
2085,668,false,false
65,65,true,true
1995,689,false,false
2092,680,false,false
69,67,true,true
2033,698,false,false
2033,691,false,false
2039,714,false,false
2050,711,false,false
2103,738,false,false
2093,740,false,false
2146,758,false,false
2099,781,false,false
2155,801,false,false
2167,809,false,false
2189,794,false,false
2153,818,false,false
2176,827,false,false
2123,813,false,false
2209,824,false,false
2187,821,false,false
2173,2171,false,true
90,90,true,true
90,87,true,true
84,91,true,true
86,93,true,true
86,84,true,true
2234,874,false,false
2211,907,false,false
2235,906,false,false
91,94,true,true
2284,2243,false,true
2247,900,false,false
2253,916,false,false
2282,952,false,false
2250,941,false,false
2265,948,false,false
2246,944,false,false
2286,941,false,false
2306,952,false,false
2297,963,false,false
2325,994,false,false
2366,991,false,false
2384,1017,false,false
2338,991,false,false
2317,1014,false,false
2344,1008,false,false
2350,1032,false,false
2382,1015,false,false
2340,1020,false,false
2362,1027,false,false
2404,1046,false,false
2389,1067,false,false
104,104,true,true
2436,1075,false,false
2440,1082,false,false
2434,1075,false,false
2414,1104,false,false
2435,1097,false,false
2429,1139,false,false
2509,1159,false,false
2484,1158,false,false
2476,1146,false,false
2510,1131,false,false
2502,1136,false,false
2464,1144,false,false
2544,1197,false,false
2559,1183,false,false
2534,1158,false,false
2537,1177,false,false
2451,1187,false,false
2478,1184,false,false
2560,1202,false,false
2662,1312,false,false
2606,1267,false,false
2581,1269,false,false
2619,1252,false,false
2627,1272,false,false
2605,1301,false,false
2608,1287,false,false
136,132,true,true
2706,1310,false,false
2709,1314,false,false
2657,2669,false,true
2692,1344,false,false
139,137,true,true
2740,1363,false,false
2694,1344,false,false
2721,1370,false,false
133,135,true,true
2721,1378,false,false
2753,1403,false,false
2756,1437,false,false
2756,1435,false,false
2789,1408,false,false
2741,1437,false,false
2749,1450,false,false
2824,1476,false,false
2808,1478,false,false
2794,1444,false,false
2776,1466,false,false
2811,1503,false,false
2813,1473,false,false
2865,1531,false,false
2848,1510,false,false
2915,1544,false,false
2920,1582,false,false
2929,1579,false,false
164,168,true,true
163,166,true,true
2954,1621,false,false
2953,1564,false,false
2946,1586,false,false
164,173,true,true
2946,1609,false,false
2955,1609,false,false
2942,1617,false,false
2976,1604,false,false
2955,1649,false,false
3008,1650,false,false
2982,1621,false,false
3040,1687,false,false
3043,1685,false,false
3036,1686,false,false
3076,1704,false,false
3052,1719,false,false
3034,1731,false,false
3073,1725,false,false
184,185,true,true
3148,1732,false,false
181,180,true,true
3123,1822,false,false
3120,3142,false,true
3253,1808,false,false
3195,1815,false,false
3181,1874,false,false
3207,1870,false,false
3193,1842,false,false
3222,1851,false,false
3184,1872,false,false
3212,1868,false,false
200,190,true,true
3205,3185,false,true
3220,1868,false,false
3238,1936,false,false
3293,1953,false,false
3283,1929,false,false
3304,1958,false,false
3309,1933,false,false
3324,1963,false,false
3371,1955,false,false
3320,2012,false,false
3375,2044,false,false
3428,2018,false,false
3419,2059,false,false
3454,2094,false,false
3430,2175,false,false
3452,2103,false,false
3515,2176,false,false
3533,2136,false,false
3509,2168,false,false
216,216,true,true
3566,2174,false,false
3556,2195,false,false
3468,2186,false,false
3530,2150,false,false
226,235,true,true
3512,2194,false,false
222,220,true,true
3572,2191,false,false
3563,2226,false,false
3584,2247,false,false
3574,2228,false,false
3597,2211,false,false
3571,2221,false,false
3547,2280,false,false
3600,2282,false,false
3664,2318,false,false
3640,2277,false,false
3713,2335,false,false
3763,2431,false,false
3700,2373,false,false
3821,2493,false,false
3753,2423,false,false
3769,2411,false,false
3727,2435,false,false
3779,2399,false,false
3770,2448,false,false
3827,2426,false,false
258,245,true,true
3817,2475,false,false
3811,2463,false,false
3841,2431,false,false
3838,2505,false,false
3880,2500,false,false
3832,2493,false,false
262,254,true,true
3876,2515,false,false
3901,2541,false,false
3905,2544,false,false
3909,2621,false,false
3942,2585,false,false
268,271,true,true
3998,2607,false,false
3925,2593,false,false
266,266,true,true
4001,2594,false,false
3976,2626,false,false
3924,2661,false,false
3972,2685,false,false
4032,2678,false,false
4017,2696,false,false
3989,2665,false,false
4006,2652,false,false
4038,2646,false,false
4051,2684,false,false
4047,2703,false,false
4044,2722,false,false
4039,2687,false,false
269,275,true,true
285,289,true,true
4060,2769,false,false
4095,2663,false,false
4061,2740,false,false
4202,2790,false,false
4081,2799,false,false
279,279,true,true
4076,2793,false,false
4167,2792,false,false
4163,2809,false,false
4175,4241,false,true
4213,2839,false,false
302,291,true,true
4257,2874,false,false
4273,2923,false,false
4281,2954,false,false
4361,2939,false,false
4308,2952,false,false
4303,2973,false,false
4334,2957,false,false
4363,2982,false,false
4327,4307,false,true
4328,2976,false,false
4460,3042,false,false
4407,3072,false,false
4407,3055,false,false
4399,3025,false,false
4482,3067,false,false
4415,3072,false,false
4540,3098,false,false
4498,3158,false,false
4501,3157,false,false
4477,3188,false,false
4586,3266,false,false
4514,3200,false,false
4616,3217,false,false
4532,3204,false,false
4587,3229,false,false
4575,3275,false,false
4589,4570,false,true
4625,3237,false,false
342,341,true,true
4587,3292,false,false
4673,3289,false,false
4711,3275,false,false
4682,3351,false,false
4718,3360,false,false
4729,3380,false,false
4710,3346,false,false
330,349,true,true
4717,3373,false,false
362,349,true,true
4754,3418,false,false
4736,3441,false,false
4755,3422,false,false
4756,3450,false,false
4935,3480,false,false
4835,3458,false,false
4789,3497,false,false
4856,3510,false,false
4859,3525,false,false
4902,3550,false,false
4886,3531,false,false
4883,3536,false,false
5061,3656,false,false
4890,3549,false,false
4914,3579,false,false
4902,3575,false,false
4922,3560,false,false
4961,3547,false,false
4870,3507,false,false
4901,3610,false,false
5047,3594,false,false
367,365,true,true
368,361,true,true
4967,3699,false,false
4988,3638,false,false
5056,3652,false,false
5075,3705,false,false
5022,3715,false,false
5132,3742,false,false
5088,3742,false,false
5044,3681,false,false
5145,3749,false,false
5066,3700,false,false
5091,3764,false,false
5043,3752,false,false
5119,3778,false,false
5197,3759,false,false
5148,3871,false,false
5144,3838,false,false
5147,3754,false,false
5195,3810,false,false
5203,3883,false,false
5219,3824,false,false
5264,3904,false,false
5229,3889,false,false
5322,3912,false,false
5224,3912,false,false
5269,3942,false,false
5247,3897,false,false
5223,3893,false,false
5234,3891,false,false
5309,4001,false,false
5314,4159,false,false
405,401,true,true
5391,3956,false,false
5285,4040,false,false
5304,4012,false,false
5361,3960,false,false
5360,3947,false,false
5386,4001,false,false
5385,3997,false,false
5410,4031,false,false
5371,4026,false,false
5455,4081,false,false
5411,4053,false,false
5374,4113,false,false
5476,4191,false,false
5542,4140,false,false
5457,4078,false,false
5465,4133,false,false
5554,4198,false,false
5486,5576,false,true
5537,4187,false,false
5643,4249,false,false
5582,4261,false,false
5629,4238,false,false
5562,4268,false,false
5556,4232,false,false
5651,4249,false,false
5599,4260,false,false
5710,4325,false,false
5724,4329,false,false
5564,4244,false,false
5571,4236,false,false
439,434,true,true
5654,4255,false,false
5734,4311,false,false
5717,4303,false,false
5656,4355,false,false
5778,4354,false,false
434,450,true,true
5753,4291,false,false
5790,4354,false,false
5867,4308,false,false
5688,5661,false,true
5733,4353,false,false
5806,4543,false,false
5796,4415,false,false
5820,4430,false,false
5817,4471,false,false
5956,4485,false,false
6005,4447,false,false
5948,4572,false,false
6238,4535,false,false
6244,4477,false,false
6040,4536,false,false
5869,4486,false,false
5896,4527,false,false
460,459,true,true
447,470,true,true
6166,4550,false,false
5998,4605,false,false
5977,4621,false,false
5912,4586,false,false
464,459,true,true
5948,4616,false,false
5992,4591,false,false
481,458,true,true
6032,4594,false,false
6041,4694,false,false
6086,4664,false,false
6074,4700,false,false
6744,4764,false,false
6038,4682,false,false
6013,4666,false,false
477,474,true,true
6053,4800,false,false
490,478,true,true
6064,4723,false,false
6101,4804,false,false
6181,4772,false,false
6223,4758,false,false
6201,4839,false,false
6261,4810,false,false
6130,4746,false,false
6117,4817,false,false
6158,4785,false,false
6145,4768,false,false
486,488,true,true
6832,4789,false,false
511,493,true,true
6121,4840,false,false
6283,4794,false,false
6311,4902,false,false
6281,4874,false,false
6523,4995,false,false
6470,6388,false,true
6608,4908,false,false
6305,4893,false,false
6425,4980,false,false
6285,4980,false,false
6317,4929,false,false
527,504,true,true
6391,4942,false,false
6381,5030,false,false
6486,4979,false,false
6417,4991,false,false
6395,4987,false,false
6324,4932,false,false
6439,4983,false,false
6396,5043,false,false
6459,6378,false,true
529,512,true,true
6449,4982,false,false
6424,6450,false,true
6398,5007,false,false
6322,4973,false,false
497,519,true,true
6371,5041,false,false
6489,5073,false,false
6439,5171,false,false
547,522,true,true
6488,5092,false,false
6582,5104,false,false
6731,5170,false,false
6701,5196,false,false
6882,5184,false,false
6648,5200,false,false
6675,5190,false,false
6833,5207,false,false
6725,5209,false,false
6583,5221,false,false
6675,5243,false,false
6639,5213,false,false
6523,5176,false,false
6522,5196,false,false
6609,5276,false,false
6688,5265,false,false
6804,5266,false,false
6831,5300,false,false
6723,5269,false,false
6728,5267,false,false
6587,5229,false,false
6681,5404,false,false
6662,5357,false,false
6904,5349,false,false
6774,5339,false,false
541,550,true,true
6815,5370,false,false
6787,5384,false,false
6728,5362,false,false
6815,5437,false,false
6700,5358,false,false
6776,5449,false,false
6774,5309,false,false
6714,5369,false,false
6658,5441,false,false
6774,5474,false,false
7075,5480,false,false
7068,5475,false,false
6987,5502,false,false
6886,5441,false,false
6864,5626,false,false
6898,5553,false,false
573,567,true,true
6969,5552,false,false
7011,5544,false,false
548,571,true,true
6883,5574,false,false
6889,5573,false,false
571,561,true,true
6883,5607,false,false
6987,5485,false,false
6940,5537,false,false
6900,5563,false,false
6869,5472,false,false
6976,5535,false,false
568,559,true,true
7005,5629,false,false
7367,5799,false,false
7270,5702,false,false
571,578,true,true
7148,5716,false,false
7187,5736,false,false
7096,5665,false,false
7108,5789,false,false
7024,5654,false,false
6964,5652,false,false
7198,5745,false,false
7132,5710,false,false
7161,5776,false,false
7216,5815,false,false
7357,5793,false,false
7146,5676,false,false
588,583,true,true
7098,5824,false,false
7268,5782,false,false
7314,5831,false,false
7258,5843,false,false
7274,5872,false,false
7337,5804,false,false
7310,5891,false,false
7289,5841,false,false
7323,5883,false,false
7688,6080,false,false
7571,6040,false,false
7651,5990,false,false
7732,6015,false,false
7695,5951,false,false
7688,6061,false,false
7674,6107,false,false
7941,7831,false,true
7762,6154,false,false
7929,6171,false,false
7881,6212,false,false
7782,6213,false,false
8075,6165,false,false
8062,6154,false,false
8095,6167,false,false
692,628,true,true
8062,6296,false,false
8206,6341,false,false
636,613,true,true
8137,6244,false,false
8121,6285,false,false
8096,6367,false,false
8118,6401,false,false
8025,6247,false,false
8177,6340,false,false
619,622,true,true
8197,6387,false,false
8879,6654,false,false
8284,6423,false,false
8860,6499,false,false
8240,6281,false,false
627,643,true,true
9048,6509,false,false
8269,6353,false,false
8984,6625,false,false
8134,9358,false,true
8148,6526,false,false
8852,6482,false,false
633,636,true,true
8322,6645,false,false
9062,6765,false,false
8246,6585,false,false
9167,6668,false,false
9176,6447,false,false
9154,6383,false,false
9228,6371,false,false
9228,6403,false,false
9230,9501,false,true
9216,6417,false,false
9232,6437,false,false
9212,6440,false,false
9234,6475,false,false
9253,6463,false,false
9242,6558,false,false
9228,6422,false,false
9212,6536,false,false
8659,6468,false,false
9258,6972,false,false
8610,6764,false,false
9353,6983,false,false
9345,6742,false,false
9311,6565,false,false
9324,6537,false,false
9491,6568,false,false
9430,6527,false,false
686,657,true,true
9494,6680,false,false
9458,6626,false,false
9460,6613,false,false
9478,6682,false,false
9527,6669,false,false
9497,6692,false,false
9516,6608,false,false
689,691,true,true
696,669,true,true
9510,6674,false,false
9539,6698,false,false
9695,6744,false,false
9629,6729,false,false
9630,6971,false,false
689,679,true,true
9679,6766,false,false
9717,6887,false,false
9713,6978,false,false
9738,6924,false,false
9713,6889,false,false
9730,6990,false,false
9769,6788,false,false
9742,6850,false,false
9760,6915,false,false
9799,6940,false,false
9713,6885,false,false
9754,6839,false,false
9703,6826,false,false
9812,6946,false,false
9857,6962,false,false
9873,7045,false,false
9828,7016,false,false
9885,6995,false,false
9888,7015,false,false
10021,7036,false,false
9881,6959,false,false
9910,7008,false,false
9963,6994,false,false
701,721,true,true
9985,7034,false,false
740,736,true,true
10058,7142,false,false
10097,7140,false,false
10113,7139,false,false
10081,7091,false,false
729,723,true,true
10048,7211,false,false
10098,7198,false,false
10190,7261,false,false
10184,8822,false,false
10177,8789,false,false
10196,8267,false,false
9909,8030,false,false
10157,7998,false,false
10171,7983,false,false
10241,7898,false,false
10191,7785,false,false
10239,7679,false,false
10189,7566,false,false
10205,7510,false,false
10336,7435,false,false
10243,8929,false,false
737,739,true,true
10251,8952,false,false
733,724,true,true
10285,8935,false,false
10386,8978,false,false
10357,9016,false,false
10461,7445,false,false
10758,7464,false,false
10450,9060,false,false
10404,9037,false,false
10392,9067,false,false
10466,9098,false,false
10379,9036,false,false
10429,9124,false,false
10448,9169,false,false
10441,9113,false,false
10485,9147,false,false
753,772,true,true
10501,9189,false,false
10576,9270,false,false
764,778,true,true
10614,9269,false,false
10570,9201,false,false
10722,9258,false,false
10564,9287,false,false
10609,9229,false,false
10639,9259,false,false
10659,9320,false,false
10707,9348,false,false
10728,10947,false,true
10805,9662,false,false
10829,9439,false,false
10842,9467,false,false
10820,9504,false,false
10836,9472,false,false
10857,9548,false,false
10901,9578,false,false
805,803,true,true
10961,11178,false,true
792,792,true,true
10962,9616,false,false
10956,9694,false,false
11044,9688,false,false
11058,9615,false,false
790,800,true,true
11075,9735,false,false
11040,9756,false,false
809,805,true,true
11061,9797,false,false
11098,11395,false,true
11143,9803,false,false
11199,9858,false,false
11153,9895,false,false
11219,10124,false,false
10932,9420,false,false
11220,9344,false,false
11194,9184,false,false
11299,9867,false,false
11247,9873,false,false
11283,9946,false,false
803,837,true,true
814,806,true,true
11253,9879,false,false
11229,9964,false,false
11321,9946,false,false
825,813,true,true
11301,9975,false,false
11297,11536,false,true
11234,9969,false,false
842,840,true,true
11305,10149,false,false
11357,10033,false,false
835,829,true,true
11340,10086,false,false
11364,10003,false,false
11378,10054,false,false
11348,10168,false,false
11378,10085,false,false
11402,10096,false,false
11465,10069,false,false
11404,10100,false,false
11423,10106,false,false
830,835,true,true
832,835,true,true
11463,10174,false,false
11485,10155,false,false
11639,10319,false,false
11551,10201,false,false
11576,10200,false,false
11542,10224,false,false
11578,10210,false,false
11591,10184,false,false
11583,10281,false,false
11626,10255,false,false
11566,10268,false,false
11549,10208,false,false
11660,10282,false,false
833,833,true,true
11569,10284,false,false
11657,10526,false,false
11688,10353,false,false
11787,10347,false,false
11715,10349,false,false
11690,10389,false,false
11769,10446,false,false
11782,10461,false,false
11773,10472,false,false
11774,10504,false,false
11792,10487,false,false
11806,10528,false,false
868,844,true,true
11844,10505,false,false
11897,10532,false,false
12038,10602,false,false
11917,10788,false,false
11935,10654,false,false
11887,10753,false,false
12032,10627,false,false
12031,10636,false,false
11990,10687,false,false
12040,10734,false,false
12028,10644,false,false
890,858,true,true
12056,10659,false,false
12009,10673,false,false
12021,10667,false,false
12056,10908,false,false
12166,10719,false,false
12072,10769,false,false
12099,10807,false,false
12173,10798,false,false
12081,10814,false,false
12121,10777,false,false
889,877,true,true
12162,10861,false,false
12124,10845,false,false
12188,10863,false,false
12191,10803,false,false
12156,10897,false,false
12191,11062,false,false
12160,10888,false,false
12247,10903,false,false
12404,10965,false,false
12333,10997,false,false
12249,10966,false,false
937,927,true,true
12315,11027,false,false
12364,11028,false,false
12346,11032,false,false
12453,12579,false,true
12423,11082,false,false
12463,11175,false,false
12447,11304,false,false
12482,11165,false,false
12490,11184,false,false
12616,11255,false,false
12604,11225,false,false
12561,11227,false,false
12604,11268,false,false
12585,11250,false,false
12562,11284,false,false
12836,11379,false,false
13050,11326,false,false
12692,11317,false,false
12753,11266,false,false
12605,11293,false,false
12639,11270,false,false
12688,11348,false,false
12696,11356,false,false
12704,11590,false,false
12695,11334,false,false
12766,11423,false,false
929,936,true,true
12761,11334,false,false
12723,11396,false,false
12751,11402,false,false
13155,11456,false,false
12692,10912,false,false
13012,11253,false,false
954,969,true,true
956,945,true,true
12850,11474,false,false
953,940,true,true
948,944,true,true
12889,11541,false,false
12916,11539,false,false
12911,11531,false,false
12892,11522,false,false
12887,11568,false,false
12943,11587,false,false
12937,11577,false,false
966,962,true,true
12950,11752,false,false
12934,11625,false,false
940,985,true,true
12956,11655,false,false
13026,11814,false,false
12970,11657,false,false
12985,11630,false,false
13081,11694,false,false
12983,11628,false,false
13001,11683,false,false
959,941,true,true
13071,11745,false,false
13147,11767,false,false
13175,11848,false,false
13355,11882,false,false
13231,11871,false,false
13264,11934,false,false
13262,13510,false,true
13192,11928,false,false
13295,11942,false,false
982,990,true,true
13245,12008,false,false
987,979,true,true
13345,12003,false,false
992,977,true,true
13468,12040,false,false
13294,12068,false,false
13413,13935,false,true
13473,12111,false,false
13468,12109,false,false
13435,12189,false,false
13545,12115,false,false
1011,986,true,true
13492,12142,false,false
13526,12133,false,false
13486,12185,false,false
13564,12145,false,false
13412,12197,false,false
13495,12231,false,false
1035,1040,true,true
13644,12391,false,false
13579,12269,false,false
13631,13877,false,true
13774,12401,false,false
13649,12309,false,false
13595,12301,false,false
13638,13919,false,true
13669,12294,false,false
13713,12330,false,false
13638,12345,false,false
1012,1018,true,true
13725,12347,false,false
13832,12441,false,false
13798,12406,false,false
13786,12433,false,false
13794,12507,false,false
13735,12490,false,false
13713,12493,false,false
13842,12515,false,false
13800,12507,false,false
13832,12523,false,false
1031,1041,true,true
13881,12576,false,false
13884,12993,false,false
13884,12507,false,false
13859,12528,false,false
13815,12563,false,false
13950,12526,false,false
14102,12640,false,false
13969,12622,false,false
13958,12608,false,false
1043,1035,true,true
13860,12592,false,false
13942,12608,false,false
14129,14210,false,true
14027,12674,false,false
14048,12677,false,false
14301,13317,false,false
14160,12837,false,false
14082,12719,false,false
14056,12883,false,false
14144,12793,false,false
14097,12872,false,false
14060,12846,false,false
14207,12820,false,false
14230,13026,false,false
1047,1060,true,true
14177,12789,false,false
14172,12887,false,false
14151,12966,false,false
14129,12822,false,false
14304,12887,false,false
14259,12875,false,false
14234,12926,false,false
14347,12903,false,false
1065,1064,true,true
14325,12990,false,false
14348,13011,false,false
14556,13094,false,false
14355,14507,false,true
14337,13052,false,false
14396,12963,false,false
14376,13060,false,false
14334,13000,false,false
14444,13020,false,false
14462,13239,false,false
14751,13310,false,false
14582,13097,false,false
14601,13133,false,false
14439,13136,false,false
14544,13133,false,false
14543,13137,false,false
1085,1072,true,true
14642,13204,false,false
14560,13181,false,false
14532,13183,false,false
14597,13199,false,false
14487,13170,false,false
14534,13227,false,false
14749,13255,false,false
1090,1113,true,true
14586,13318,false,false
14634,13313,false,false
14557,13321,false,false
14741,13422,false,false
14705,13388,false,false
14710,13439,false,false
1125,1117,true,true
14883,13470,false,false
14815,13419,false,false
14814,13460,false,false
15007,13455,false,false
14986,13424,false,false
14801,13376,false,false
14807,13397,false,false
14799,13745,false,false
14876,13450,false,false
14804,13476,false,false
14817,13439,false,false
14817,13505,false,false
14893,13572,false,false
15045,13473,false,false
14878,13563,false,false
14864,13537,false,false
14924,13528,false,false
14948,13652,false,false
14979,13584,false,false
14951,13493,false,false
14919,13806,false,false
14938,13651,false,false
14924,13629,false,false
15184,13646,false,false
15006,13610,false,false
15011,13659,false,false
15019,13640,false,false
15054,13650,false,false
15032,13643,false,false
15131,15334,false,true
15057,13717,false,false
15080,13660,false,false
15125,14004,false,false
15454,13845,false,false
15203,13720,false,false
15159,13862,false,false
15230,13844,false,false
15222,13879,false,false
15283,13835,false,false
1154,1166,true,true
15207,13855,false,false
15323,13931,false,false
15276,13908,false,false
15247,14044,false,false
15269,13986,false,false
15291,13987,false,false
15282,14021,false,false
15322,13998,false,false
15405,14006,false,false
15398,14022,false,false
15262,13991,false,false
15380,14061,false,false
15413,14170,false,false
15595,14112,false,false
15487,14177,false,false
1176,1177,true,true
15551,14158,false,false
15605,14190,false,false
15483,14225,false,false
1174,1163,true,true
15615,14309,false,false
1155,1163,true,true
15634,14337,false,false
15660,14305,false,false
15613,14332,false,false
15689,14673,false,false
1186,1165,true,true
15666,14389,false,false
15710,14347,false,false
15738,14362,false,false
15668,14368,false,false
15757,14421,false,false
15795,14415,false,false
15826,14362,false,false
15818,14442,false,false
1203,1197,true,true
15851,14581,false,false
15811,14476,false,false
15940,14479,false,false
1174,1211,true,true
15791,14494,false,false
15799,14522,false,false
15878,14521,false,false
15989,14519,false,false
16218,14632,false,false
16000,14673,false,false
16124,14604,false,false
16130,14675,false,false
1226,1244,true,true
16099,14709,false,false
16107,14757,false,false
16237,14879,false,false
16233,14899,false,false
16208,14841,false,false
16227,14809,false,false
16219,14889,false,false
16232,14871,false,false
16539,14891,false,false
16287,14868,false,false
16328,16472,false,true
16253,14908,false,false
1213,1249,true,true
16370,15328,false,false
16421,15063,false,false
16372,15206,false,false
1241,1239,true,true
16430,15009,false,false
1243,1243,true,true
16404,15088,false,false
16435,15114,false,false
16470,15133,false,false
16428,15093,false,false
16414,15100,false,false
16405,15090,false,false
16454,15077,false,false
16648,15150,false,false
16494,15027,false,false
16498,15108,false,false
16553,15504,false,false
16537,15170,false,false
16496,15100,false,false
16572,16766,false,true
16697,15330,false,false
16620,15166,false,false
16577,15230,false,false
16593,15171,false,false
16653,15724,false,false
16525,15206,false,false
16652,15271,false,false
1266,1279,true,true
16617,15313,false,false
16888,15462,false,false
16691,15273,false,false
16694,15312,false,false
16642,15253,false,false
16736,15431,false,false
16729,15550,false,false
1264,1259,true,true
16702,15416,false,false
16805,15336,false,false
16748,15468,false,false
16819,15368,false,false
17236,15374,false,false
16816,15486,false,false
17265,15577,false,false
1310,1286,true,true
16807,15568,false,false
16966,15393,false,false
16868,15491,false,false
16897,15500,false,false
16830,15494,false,false
16819,15513,false,false
16862,15536,false,false
16811,15559,false,false
16898,15510,false,false
16936,15523,false,false
17122,15522,false,false
16950,15531,false,false
16912,15628,false,false
16950,15616,false,false
1308,1329,true,true
17086,15609,false,false
16945,15579,false,false
16975,15651,false,false
17024,15628,false,false
17084,15797,false,false
17089,15702,false,false
17043,15805,false,false
17213,15728,false,false
17096,16077,false,false
1289,1293,true,true
17339,16778,false,false
17315,16012,false,false
17228,15793,false,false
1299,1286,true,true
17151,15831,false,false
18455,15880,false,false
17164,15546,false,false
16946,15636,false,false
16899,17294,false,true
1268,1277,true,true
17191,16274,false,false
17441,15701,false,false
17021,15711,false,false
17019,15702,false,false
17045,15984,false,false
17052,15638,false,false
17075,15685,false,false
1303,1284,true,true
16991,15622,false,false
17200,15740,false,false
1316,1317,true,true
17027,15766,false,false
17059,15766,false,false
17121,15784,false,false
17125,15753,false,false
17329,15874,false,false
17232,15764,false,false
17061,15810,false,false
17109,15788,false,false
17095,15863,false,false
17218,15778,false,false
17408,15950,false,false
17306,15786,false,false
17198,16128,false,false
17199,15945,false,false
17115,15832,false,false
17199,15885,false,false
17255,15930,false,false
17554,15992,false,false
17311,16012,false,false
17384,15891,false,false
17298,15992,false,false

Empirical comparison complete.
